[2026-05-04 15:54:14] Módulo 1 ejecutado correctamente. GeoPackage: /media/estb/PGB_disco/PGBM_actividad_1_diagnostico/data/raw/GeoPackage_puntos_control_mesoamerica.gpkg. Capa principal sugerida: Puntos_control_mesoamerica.
[2026-05-04 17:01:26] Módulo 1 ejecutado correctamente. GeoPackage: /media/estb/PGB_disco/PGBM_actividad_1_diagnostico/data/raw/GeoPackage_puntos_control_mesoamerica.gpkg. Capa principal sugerida: Puntos_control_mesoamerica.
[2026-05-04 17:05:31] Módulo 1 ejecutado correctamente. GeoPackage: /media/estb/PGB_disco/PGBM_actividad_1_diagnostico/data/raw/GeoPackage_puntos_control_mesoamerica.gpkg. Capa principal sugerida: Puntos_control_mesoamerica.
[2026-05-04 17:32:06] Error durante la ejecución del Módulo 2.
[2026-05-04 17:37:39] Módulo 2 ejecutado correctamente. Tabla: Puntos_control_mesoamerica. Registros: 2881123. Campos atributivos: 42.
[2026-05-04 18:04:39] Módulo 2 ejecutado correctamente. Tabla: Puntos_control_mesoamerica. Registros: 2881123. Campos atributivos: 42.
[2026-05-04 18:14:01] Módulo 3 ejecutado correctamente. Tabla: Puntos_control_mesoamerica. Registros: 2881123. Duplicados XY exactos: 758797 grupos.
[2026-05-06 08:27:36] Módulo 3B optimizado ejecutado correctamente. Total grupos XY: 1283636. Grupos repetidos: 758797. Exceso registros repetidos: 1597487.
[2026-05-06 15:01:04] Módulo 4 ejecutado correctamente. Tabla: Puntos_control_mesoamerica. Campo temporal: Año. Año objetivo: 2020.
[2026-05-18 14:59:55] Módulo 5 ejecutado correctamente. Registros evaluados: 2881123. Clases Nivel_1: 12. Clases Nivel_2: 40. Inconsistencias jerárquicas: 0.
[2026-05-19 07:05:25] Módulo 5B ejecutado correctamente. Año objetivo: 2020. Ventana: ±2. Total thematic_base: 2881123.
[2026-05-19 08:14:52] Módulo 5C ejecutado correctamente. Subsets: ['ventana_2018_2022']. Grupos conflictivos: 2779. Casos prioritarios: 2684.
[2026-05-20 17:59:30] Error durante la ejecución de la Etapa 1.7.
[2026-05-20 18:00:17] Error durante la ejecución de la Etapa 1.7.
[2026-05-20 18:03:35] Módulo 5 ejecutado correctamente. Registros evaluados: 2881123. Clases Nivel_1: 12. Clases Nivel_2: 40. Inconsistencias jerárquicas: 0.
[2026-05-20 18:11:01] Error durante la ejecución del Módulo 5C.
[2026-05-20 18:12:59] Módulo 5B ejecutado correctamente. Año objetivo: 2020. Ventana: ±2. Total thematic_base: 2881123.
[2026-05-20 18:17:30] Módulo 5 ejecutado correctamente. Registros evaluados: 2881123. Clases Nivel_1: 12. Clases Nivel_2: 40. Inconsistencias jerárquicas: 0.
[2026-05-20 18:52:05] Etapa 1.7 ejecutada correctamente. Registros=1195911; grupos=1111850
[2026-05-20 23:14:53] Error durante la ejecución de la Etapa 1.7.
[2026-05-20 23:52:24] Etapa 1.7 ejecutada correctamente. Registros=1195911; grupos=1111850; spectral_status=loaded_gpkg_module_09; spectral_join_key=source_rowid
[2026-05-21 11:38:42] Etapa 1.7 ejecutada correctamente. Registros=1195911; grupos=1111850; spectral_status=loaded_gpkg_module_09_units; spectral_layer=audit_extract_units_s2sr_annual; spectral_xy_coverage_pct=100.0
[2026-05-21 12:45:57] Módulo 10 reutilizó salidas existentes y regeneró reporte. Reporte=C:\Users\jesus\Work\CR\Github\PGBM_actividad_1_diagnostico\outputs\reports\10_scoring_multicriterio_aptitud.md
[2026-05-21 16:46:35] Módulo 10 reutilizó salidas existentes compatibles y regeneró reporte. Reporte=C:\Users\jesus\Work\CR\Github\PGBM_actividad_1_diagnostico\outputs\reports\10_scoring_multicriterio_aptitud.md
[2026-05-21 19:01:33] Error durante la ejecución de la Etapa 1.7 / Módulo 10.
[2026-05-21 19:18:41] Módulo 10 reutilizó salidas existentes compatibles y regeneró reporte. Reporte=C:\Users\jesus\Work\CR\Github\PGBM_actividad_1_diagnostico\outputs\reports\10_scoring_multicriterio_aptitud.md
[2026-05-21 21:00:45] Etapa 1.7 ejecutada correctamente. Registros=1195911; grupos=1111850; spectral_status=loaded_gpkg_module_09_units; spectral_layer=audit_extract_units_s2sr_annual; spectral_xy_coverage_pct=100.0
[2026-05-24 11:56:15] Etapa 1.7 ejecutada correctamente. Registros=1195911; grupos=1111850; spectral_status=loaded_gpkg_module_09_units; spectral_layer=audit_extract_units_s2sr_annual; spectral_xy_coverage_pct=100.0
[2026-05-24 13:56:26] Etapa 1.7 ejecutada correctamente. Registros=1195911; grupos=1111850; spectral_status=loaded_gpkg_module_09_units; spectral_layer=audit_extract_units_s2sr_annual; spectral_xy_coverage_pct=100.0
[2026-05-24 13:59:33] Módulo 10 reutilizó salidas existentes compatibles y regeneró reporte. Reporte=C:\Users\jesus\Work\CR\Github\PGBM_actividad_1_diagnostico\outputs\reports\10_scoring_multicriterio_aptitud.md
